<?xml version="1.0" encoding="UTF-8"?>
<!-- Generated by org.testng.reporters.JUnitReportReporter -->
<testsuite skipped="0" hostname="3ATEF-74" name="org.example.testRunner.Runner" tests="9" failures="0" timestamp="2022-12-27T08:45:57 EET" time="101.942" errors="0">
  <testcase name="runScenario" time="8.822" classname="org.example.testRunner.Runner"/>
  <system-out/>
  <testcase name="runScenario" time="9.119" classname="org.example.testRunner.Runner"/>
  <system-out/>
  <testcase name="runScenario" time="20.107" classname="org.example.testRunner.Runner"/>
  <system-out/>
  <testcase name="runScenario" time="11.160" classname="org.example.testRunner.Runner"/>
  <system-out/>
  <testcase name="runScenario" time="10.444" classname="org.example.testRunner.Runner"/>
  <system-out/>
  <testcase name="runScenario" time="10.748" classname="org.example.testRunner.Runner"/>
  <system-out/>
  <testcase name="runScenario" time="10.093" classname="org.example.testRunner.Runner"/>
  <system-out/>
  <testcase name="runScenario" time="10.805" classname="org.example.testRunner.Runner"/>
  <system-out/>
  <testcase name="runScenario" time="10.644" classname="org.example.testRunner.Runner"/>
  <system-out/>
</testsuite> <!-- org.example.testRunner.Runner -->
